<?xml version="1.0" encoding="UTF-8"?>
<coverage generated="1577313707552" clover="3.2.0">
  <project timestamp="1577313707552" name="All files">
    <metrics statements="14" coveredstatements="13" conditionals="5" coveredconditionals="4" methods="3" coveredmethods="2" elements="22" coveredelements="19" complexity="0" loc="14" ncloc="14" packages="1" files="1" classes="1"/>
    <file name="index.tsx" path="/home/stomp/projects/react_pontape/src/index.tsx">
      <metrics statements="14" coveredstatements="13" conditionals="5" coveredconditionals="4" methods="3" coveredmethods="2"/>
      <line num="1" count="1" type="stmt"/>
      <line num="2" count="1" type="stmt"/>
      <line num="3" count="1" type="stmt"/>
      <line num="11" count="1" type="cond" truecount="3" falsecount="0"/>
      <line num="12" count="1" type="stmt"/>
      <line num="16" count="1" type="stmt"/>
      <line num="20" count="1" type="stmt"/>
      <line num="21" count="1" type="stmt"/>
      <line num="22" count="1" type="stmt"/>
      <line num="31" count="1" type="stmt"/>
      <line num="32" count="1" type="stmt"/>
      <line num="34" count="1" type="stmt"/>
      <line num="35" count="1" type="cond" truecount="1" falsecount="1"/>
      <line num="36" count="0" type="stmt"/>
    </file>
  </project>
</coverage>
