{"/home/stomp/projects/react_pontape/src/index.tsx": {"path":"/home/stomp/projects/react_pontape/src/index.tsx","statementMap":{"0":{"start":{"line":1,"column":0},"end":{"line":1,"column":26}},"1":{"start":{"line":2,"column":0},"end":{"line":2,"column":33}},"2":{"start":{"line":3,"column":0},"end":{"line":3,"column":21}},"3":{"start":{"line":11,"column":0},"end":{"line":11,"column":56}},"4":{"start":{"line":11,"column":20},"end":{"line":11,"column":25}},"5":{"start":{"line":11,"column":0},"end":{"line":11,"column":20}},"6":{"start":{"line":16,"column":2},"end":{"line":18,"column":null}},"7":{"start":{"line":20,"column":2},"end":{"line":30,"column":null}},"8":{"start":{"line":20,"column":2},"end":{"line":20,"column":8}},"9":{"start":{"line":21,"column":25},"end":{"line":21,"column":77}},"10":{"start":{"line":21,"column":33},"end":{"line":21,"column":76}},"11":{"start":{"line":22,"column":4},"end":{"line":29,"column":null}},"12":{"start":{"line":12,"column":9},"end":{"line":14,"column":null}},"13":{"start":{"line":31,"column":0},"end":{"line":31,"column":null}},"14":{"start":{"line":32,"column":0},"end":{"line":32,"column":null}},"15":{"start":{"line":34,"column":27},"end":{"line":34,"column":59}},"16":{"start":{"line":35,"column":0},"end":{"line":37,"column":null}},"17":{"start":{"line":36,"column":2},"end":{"line":36,"column":38}}},"fnMap":{"0":{"name":"(anonymous_7)","decl":{"start":{"line":11,"column":0},"end":{"line":11,"column":20}},"loc":{"start":{"line":11,"column":0},"end":{"line":11,"column":20}}},"1":{"name":"(anonymous_9)","decl":{"start":{"line":20,"column":2},"end":{"line":20,"column":8}},"loc":{"start":{"line":20,"column":2},"end":{"line":30,"column":3}}},"2":{"name":"(anonymous_10)","decl":{"start":{"line":21,"column":25},"end":{"line":21,"column":33}},"loc":{"start":{"line":21,"column":25},"end":{"line":21,"column":77}}}},"branchMap":{"0":{"loc":{"start":{"line":11,"column":0},"end":{"line":11,"column":20}},"type":"binary-expr","locations":[{"start":{"line":11,"column":0},"end":{"line":11,"column":20}},{"start":{"line":11,"column":0},"end":{"line":11,"column":20}},{"start":{"line":11,"column":0},"end":{"line":11,"column":20}}]},"1":{"loc":{"start":{"line":35,"column":0},"end":{"line":37,"column":null}},"type":"if","locations":[{"start":{"line":35,"column":0},"end":{"line":37,"column":null}},{"start":{"line":35,"column":0},"end":{"line":37,"column":null}}]}},"s":{"0":1,"1":1,"2":1,"3":1,"4":1,"5":1,"6":1,"7":1,"8":1,"9":1,"10":0,"11":1,"12":1,"13":1,"14":1,"15":1,"16":1,"17":0},"f":{"0":2,"1":1,"2":0},"b":{"0":[1,1,1],"1":[0,1]}}
}
